1491770977149	geckodriver	INFO	Listening on 127.0.0.1:35905
1491770978150	mozprofile::profile	INFO	Using profile path /tmp/rust_mozprofile.JsAltw0NcCzN
1491770978155	geckodriver::marionette	INFO	Starting browser /usr/bin/firefox
1491770978164	geckodriver::marionette	INFO	Connecting to Marionette on localhost:46299
1491770984892	Marionette	INFO	Listening on port 46299
kf5.kio.core: Refilling KProtocolInfoFactory cache in the hope to find "ircs"
kf5.kio.core: Refilling KProtocolInfoFactory cache in the hope to find "mailto"
kf5.kio.core: Refilling KProtocolInfoFactory cache in the hope to find "irc"
JavaScript warning: http://sports.coral.co.uk/football/uefa-club-comps/champions-league, line 6592: unreachable code after return statement
JavaScript warning: http://mathid.mathtag.com/d/i.js, line 1: unreachable code after return statement
[Child 18966] ###!!! ABORT: Aborting on channel error.: file /home/abuild/rpmbuild/BUILD/mozilla/ipc/glue/MessageChannel.cpp, line 2056
[Child 18966] ###!!! ABORT: Aborting on channel error.: file /home/abuild/rpmbuild/BUILD/mozilla/ipc/glue/MessageChannel.cpp, line 2056

###!!! [Child][MessageChannel] Error: (msgtype=0x420003,name=PCompositable::Msg_Destroy) Channel error: cannot send/recv


###!!! [Child][MessageChannel] Error: (msgtype=0x1040003,name=PTexture::Msg_Destroy) Channel error: cannot send/recv


###!!! [Child][MessageChannel] Error: (msgtype=0x1040003,name=PTexture::Msg_Destroy) Channel error: cannot send/recv


###!!! [Child][MessageChannel] Error: (msgtype=0x420003,name=PCompositable::Msg_Destroy) Channel error: cannot send/recv


###!!! [Child][MessageChannel] Error: (msgtype=0x1040003,name=PTexture::Msg_Destroy) Channel error: cannot send/recv


###!!! [Child][MessageChannel] Error: (msgtype=0x1040003,name=PTexture::Msg_Destroy) Channel error: cannot send/recv


###!!! [Child][MessageChannel] Error: (msgtype=0x420003,name=PCompositable::Msg_Destroy) Channel error: cannot send/recv


###!!! [Child][MessageChannel] Error: (msgtype=0x1040003,name=PTexture::Msg_Destroy) Channel error: cannot send/recv


###!!! [Child][MessageChannel] Error: (msgtype=0x1040003,name=PTexture::Msg_Destroy) Channel error: cannot send/recv


###!!! [Child][MessageChannel] Error: (msgtype=0x420003,name=PCompositable::Msg_Destroy) Channel error: cannot send/recv


###!!! [Child][MessageChannel] Error: (msgtype=0x1040003,name=PTexture::Msg_Destroy) Channel error: cannot send/recv


###!!! [Child][MessageChannel] Error: (msgtype=0x1040003,name=PTexture::Msg_Destroy) Channel error: cannot send/recv


###!!! [Child][MessageChannel] Error: (msgtype=0x420003,name=PCompositable::Msg_Destroy) Channel error: cannot send/recv


###!!! [Child][MessageChannel] Error: (msgtype=0x1040003,name=PTexture::Msg_Destroy) Channel error: cannot send/recv


###!!! [Child][MessageChannel] Error: (msgtype=0x1040003,name=PTexture::Msg_Destroy) Channel error: cannot send/recv


###!!! [Child][MessageChannel] Error: (msgtype=0x420003,name=PCompositable::Msg_Destroy) Channel error: cannot send/recv


###!!! [Child][MessageChannel] Error: (msgtype=0x1040003,name=PTexture::Msg_Destroy) Channel error: cannot send/recv


###!!! [Child][MessageChannel] Error: (msgtype=0x1040003,name=PTexture::Msg_Destroy) Channel error: cannot send/recv


###!!! [Child][MessageChannel] Error: (msgtype=0x420003,name=PCompositable::Msg_Destroy) Channel error: cannot send/recv

1491771308512	geckodriver	INFO	Listening on 127.0.0.1:59063
1491771309517	mozprofile::profile	INFO	Using profile path /tmp/rust_mozprofile.NjiPwQhZF8Vd
1491771309519	geckodriver::marionette	INFO	Starting browser /usr/bin/firefox
1491771309524	geckodriver::marionette	INFO	Connecting to Marionette on localhost:42689
1491771315287	Marionette	INFO	Listening on port 42689
kf5.kio.core: Refilling KProtocolInfoFactory cache in the hope to find "ircs"
kf5.kio.core: Refilling KProtocolInfoFactory cache in the hope to find "mailto"
kf5.kio.core: Refilling KProtocolInfoFactory cache in the hope to find "irc"
1491771367032	geckodriver	INFO	Listening on 127.0.0.1:59277
1491771368036	mozprofile::profile	INFO	Using profile path /tmp/rust_mozprofile.0IlPhBSbEFJ3
1491771368039	geckodriver::marionette	INFO	Starting browser /usr/bin/firefox
1491771368047	geckodriver::marionette	INFO	Connecting to Marionette on localhost:44903
1491771372684	Marionette	INFO	Listening on port 44903
kf5.kio.core: Refilling KProtocolInfoFactory cache in the hope to find "ircs"
kf5.kio.core: Refilling KProtocolInfoFactory cache in the hope to find "mailto"
kf5.kio.core: Refilling KProtocolInfoFactory cache in the hope to find "irc"
1491771385726	geckodriver	INFO	Listening on 127.0.0.1:42785
1491771386730	mozprofile::profile	INFO	Using profile path /tmp/rust_mozprofile.FVX20DNw1yrE
1491771386731	geckodriver::marionette	INFO	Starting browser /usr/bin/firefox
1491771386736	geckodriver::marionette	INFO	Connecting to Marionette on localhost:43565
1491771391191	Marionette	INFO	Listening on port 43565
kf5.kio.core: Refilling KProtocolInfoFactory cache in the hope to find "ircs"
kf5.kio.core: Refilling KProtocolInfoFactory cache in the hope to find "mailto"
kf5.kio.core: Refilling KProtocolInfoFactory cache in the hope to find "irc"
1491771444921	geckodriver	INFO	Listening on 127.0.0.1:54451
1491771445924	mozprofile::profile	INFO	Using profile path /tmp/rust_mozprofile.hkzFAcCNss7k
1491771445928	geckodriver::marionette	INFO	Starting browser /usr/bin/firefox
1491771445933	geckodriver::marionette	INFO	Connecting to Marionette on localhost:42455
1491771450957	Marionette	INFO	Listening on port 42455
kf5.kio.core: Refilling KProtocolInfoFactory cache in the hope to find "ircs"
kf5.kio.core: Refilling KProtocolInfoFactory cache in the hope to find "mailto"
kf5.kio.core: Refilling KProtocolInfoFactory cache in the hope to find "irc"
1491771503221	geckodriver	INFO	Listening on 127.0.0.1:35795
1491771504223	mozprofile::profile	INFO	Using profile path /tmp/rust_mozprofile.iYGfLBWyO3N6
1491771504228	geckodriver::marionette	INFO	Starting browser /usr/bin/firefox
1491771504233	geckodriver::marionette	INFO	Connecting to Marionette on localhost:33337
1491771509030	Marionette	INFO	Listening on port 33337
kf5.kio.core: Refilling KProtocolInfoFactory cache in the hope to find "ircs"
kf5.kio.core: Refilling KProtocolInfoFactory cache in the hope to find "mailto"
kf5.kio.core: Refilling KProtocolInfoFactory cache in the hope to find "irc"
1491771673621	geckodriver	INFO	Listening on 127.0.0.1:51145
1491771673628	mozprofile::profile	INFO	Using profile path /tmp/rust_mozprofile.sf4hVJgtKdq8
1491771673629	geckodriver::marionette	INFO	Starting browser /usr/bin/firefox
1491771673632	geckodriver::marionette	INFO	Connecting to Marionette on localhost:44927
1491771679067	Marionette	INFO	Listening on port 44927
kf5.kio.core: Refilling KProtocolInfoFactory cache in the hope to find "ircs"
kf5.kio.core: Refilling KProtocolInfoFactory cache in the hope to find "mailto"
kf5.kio.core: Refilling KProtocolInfoFactory cache in the hope to find "irc"
1491771710107	geckodriver	INFO	Listening on 127.0.0.1:32811
1491771710116	mozprofile::profile	INFO	Using profile path /tmp/rust_mozprofile.zvDrGBvR1jm9
1491771710118	geckodriver::marionette	INFO	Starting browser /usr/bin/firefox
1491771710122	geckodriver::marionette	INFO	Connecting to Marionette on localhost:40523
1491771714770	Marionette	INFO	Listening on port 40523
kf5.kio.core: Refilling KProtocolInfoFactory cache in the hope to find "ircs"
kf5.kio.core: Refilling KProtocolInfoFactory cache in the hope to find "mailto"
kf5.kio.core: Refilling KProtocolInfoFactory cache in the hope to find "irc"
[Child 20802] ###!!! ABORT: Aborting on channel error.: file /home/abuild/rpmbuild/BUILD/mozilla/ipc/glue/MessageChannel.cpp, line 2056
[Child 20802] ###!!! ABORT: Aborting on channel error.: file /home/abuild/rpmbuild/BUILD/mozilla/ipc/glue/MessageChannel.cpp, line 2056
1491771917450	geckodriver	INFO	Listening on 127.0.0.1:41627
1491771918455	mozprofile::profile	INFO	Using profile path /tmp/rust_mozprofile.G8ofos1fGaIX
1491771918457	geckodriver::marionette	INFO	Starting browser /usr/bin/firefox
1491771918463	geckodriver::marionette	INFO	Connecting to Marionette on localhost:35369
1491771924307	Marionette	INFO	Listening on port 35369
kf5.kio.core: Refilling KProtocolInfoFactory cache in the hope to find "ircs"
kf5.kio.core: Refilling KProtocolInfoFactory cache in the hope to find "mailto"
kf5.kio.core: Refilling KProtocolInfoFactory cache in the hope to find "irc"
1491772015608	geckodriver	INFO	Listening on 127.0.0.1:45045
1491772016598	mozprofile::profile	INFO	Using profile path /tmp/rust_mozprofile.LFsHZF15zNNV
1491772016600	geckodriver::marionette	INFO	Starting browser /usr/bin/firefox
1491772016617	geckodriver::marionette	INFO	Connecting to Marionette on localhost:45463
1491772024462	Marionette	INFO	Listening on port 45463
kf5.kio.core: Refilling KProtocolInfoFactory cache in the hope to find "ircs"
kf5.kio.core: Refilling KProtocolInfoFactory cache in the hope to find "mailto"
kf5.kio.core: Refilling KProtocolInfoFactory cache in the hope to find "irc"
1491772153774	geckodriver	INFO	Listening on 127.0.0.1:46675
1491772153783	mozprofile::profile	INFO	Using profile path /tmp/rust_mozprofile.TllAkIdF9oCB
1491772153787	geckodriver::marionette	INFO	Starting browser /usr/bin/firefox
1491772153790	geckodriver::marionette	INFO	Connecting to Marionette on localhost:33009
1491772159065	Marionette	INFO	Listening on port 33009
kf5.kio.core: Refilling KProtocolInfoFactory cache in the hope to find "ircs"
kf5.kio.core: Refilling KProtocolInfoFactory cache in the hope to find "mailto"
kf5.kio.core: Refilling KProtocolInfoFactory cache in the hope to find "irc"
[Child 21738] ###!!! ABORT: Aborting on channel error.: file /home/abuild/rpmbuild/BUILD/mozilla/ipc/glue/MessageChannel.cpp, line 2056

###!!! [Child][MessageChannel] Error: (msgtype=0x1040003,name=PTexture::Msg_Destroy) Channel error: cannot send/recv


###!!! [Child][MessageChannel] Error: (msgtype=0x1040003,name=PTexture::Msg_Destroy) Channel error: cannot send/recv


###!!! [Child][MessageChannel] Error: (msgtype=0x420003,name=PCompositable::Msg_Destroy) Channel error: cannot send/recv


###!!! [Child][MessageChannel] Error: (msgtype=0x420003,name=PCompositable::Msg_Destroy) Channel error: cannot send/recv


###!!! [Child][MessageChannel] Error: (msgtype=0x1040003,name=PTexture::Msg_Destroy) Channel error: cannot send/recv


###!!! [Child][MessageChannel] Error: (msgtype=0x1040003,name=PTexture::Msg_Destroy) Channel error: cannot send/recv


###!!! [Child][MessageChannel] Error: (msgtype=0x420003,name=PCompositable::Msg_Destroy) Channel error: cannot send/recv


###!!! [Child][MessageChannel] Error: (msgtype=0x420003,name=PCompositable::Msg_Destroy) Channel error: cannot send/recv


###!!! [Child][MessageChannel] Error: (msgtype=0x1040003,name=PTexture::Msg_Destroy) Channel error: cannot send/recv


###!!! [Child][MessageChannel] Error: (msgtype=0x1040003,name=PTexture::Msg_Destroy) Channel error: cannot send/recv


###!!! [Child][MessageChannel] Error: (msgtype=0x420003,name=PCompositable::Msg_Destroy) Channel error: cannot send/recv


###!!! [Child][MessageChannel] Error: (msgtype=0x420003,name=PCompositable::Msg_Destroy) Channel error: cannot send/recv

[Child 21738] ###!!! ABORT: Aborting on channel error.: file /home/abuild/rpmbuild/BUILD/mozilla/ipc/glue/MessageChannel.cpp, line 2056
1491772197839	geckodriver	INFO	Listening on 127.0.0.1:53927
1491772197844	mozprofile::profile	INFO	Using profile path /tmp/rust_mozprofile.lG8F1dKb0xIn
1491772197847	geckodriver::marionette	INFO	Starting browser /usr/bin/firefox
1491772197851	geckodriver::marionette	INFO	Connecting to Marionette on localhost:42767
1491772202266	Marionette	INFO	Listening on port 42767
kf5.kio.core: Refilling KProtocolInfoFactory cache in the hope to find "ircs"
kf5.kio.core: Refilling KProtocolInfoFactory cache in the hope to find "mailto"
kf5.kio.core: Refilling KProtocolInfoFactory cache in the hope to find "irc"
JavaScript warning: http://j.ppstatic.com/javascript/crunched/efx.js?39004210230, line 2: Using //@ to indicate sourceMappingURL pragmas is deprecated. Use //# instead
JavaScript warning: http://j.ppstatic.com/javascript/crunched/sports.js?39004210230, line 233: unreachable code after return statement
JavaScript warning: http://j.ppstatic.com/javascript/crunched/livebetting.js?39004210230, line 88: unreachable code after return statement
JavaScript error: http://www.paddypower.com/football/euro-football/champions-league, line 414: SyntaxError: illegal character
JavaScript warning: http://sports.coral.co.uk/football/uefa-club-comps/champions-league, line 6552: unreachable code after return statement
kf5.kio.core: Refilling KProtocolInfoFactory cache in the hope to find "bogus"
kf5.kio.core: Refilling KProtocolInfoFactory cache in the hope to find "bogus"
kf5.kio.core: Refilling KProtocolInfoFactory cache in the hope to find "bogus"
kf5.kio.core: Refilling KProtocolInfoFactory cache in the hope to find "bogus"
JavaScript warning: http://trans.staticcache.org/ob/static/cust/js/minified/main_betslip.js?ver=9229be76d0ba25f6d9a25fc3b7ee9b8e&lang=en, line 799: unreachable code after return statement
JavaScript warning: https://utils.titanbet.com/api-login/includes/initJS.php, line 735: unreachable code after return statement
JavaScript warning: http://utils.titanbet.com/api-login/includes/initJS.php, line 735: unreachable code after return statement
JavaScript warning: https://mobile.bet365.com/js/min/4.4.67.0/all.js, line 4: Using //@ to indicate sourceMappingURL pragmas is deprecated. Use //# instead
JavaScript warning: https://mobile.bet365.com/js/min/4.4.67.0/liveAlerts/all.js, line 2: Using //@ to indicate sourceMappingURL pragmas is deprecated. Use //# instead
JavaScript warning: https://mobile.bet365.com/js/min/4.4.67.0/wideView.js, line 2: Using //@ to indicate sourceMappingURL pragmas is deprecated. Use //# instead
JavaScript warning: https://mobile.bet365.com/js/min/4.4.67.0/iscroll-lite.js, line 3: Using //@ to indicate sourceMappingURL pragmas is deprecated. Use //# instead
JavaScript warning: https://mobile.bet365.com/betslip/javascript/min/2.2.60.0/betslip.js, line 2: Using //@ to indicate sourceMappingURL pragmas is deprecated. Use //# instead
JavaScript warning: https://mobile.bet365.com/betslip/javascript/min/2.2.60.0/betslip.js, line 2: Using //@ to indicate sourceMappingURL pragmas is deprecated. Use //# instead
JavaScript warning: https://mobile.bet365.com/js/min/4.4.67.0/coupons.js, line 2: Using //@ to indicate sourceMappingURL pragmas is deprecated. Use //# instead
JavaScript warning: https://mobile.bet365.com/js/min/4.4.67.0//v6/v6ScrollerSetup.js, line 2: Using //@ to indicate sourceMappingURL pragmas is deprecated. Use //# instead
JavaScript warning: https://mobile.bet365.com/js/min/4.4.67.0//v6/v6Racing.js, line 2: Using //@ to indicate sourceMappingURL pragmas is deprecated. Use //# instead
JavaScript warning: https://mobile.bet365.com/js/min/4.4.67.0//v6/v6Soccer.js, line 2: Using //@ to indicate sourceMappingURL pragmas is deprecated. Use //# instead
JavaScript warning: https://mobile.bet365.com/js/min/4.4.67.0/financials.js, line 2: Using //@ to indicate sourceMappingURL pragmas is deprecated. Use //# instead
JavaScript warning: https://mobile.bet365.com/js/min/4.4.67.0/splash.js, line 2: Using //@ to indicate sourceMappingURL pragmas is deprecated. Use //# instead
kf5.kio.core: Refilling KProtocolInfoFactory cache in the hope to find "bogus"
kf5.kio.core: Refilling KProtocolInfoFactory cache in the hope to find "bogus"
kf5.kio.core: Refilling KProtocolInfoFactory cache in the hope to find "bogus"
kf5.kio.core: Refilling KProtocolInfoFactory cache in the hope to find "bogus"
